# JRE version: Java(TM) SE Runtime Environment (8.0_181-b13) (build 1.8.0_181-b13)
# Java VM: Java HotSpot(TM) 64-Bit Server VM (25.181-b13 mixed mode windows-amd64 compressed oops)
Heap:
 PSYoungGen      total 74752K, used 16733K [0x00000000d5580000, 0x00000000de880000, 0x0000000100000000)
  eden space 65024K, 25% used [0x00000000d5580000,0x00000000d65d7430,0x00000000d9500000)
  from space 9728K, 0% used [0x00000000d9500000,0x00000000d9500000,0x00000000d9e80000)
  to   space 10240K, 0% used [0x00000000dde80000,0x00000000dde80000,0x00000000de880000)
 ParOldGen       total 66560K, used 13172K [0x0000000080000000, 0x0000000084100000, 0x00000000d5580000)
  object space 66560K, 19% used [0x0000000080000000,0x0000000080cdd308,0x0000000084100000)
 Metaspace       used 22447K, capacity 22752K, committed 23088K, reserved 1069056K
  class space    used 2530K, capacity 2632K, committed 2688K, reserved 1048576K
GC Heap History (10 events):
Event: 2.145 GC heap before
{Heap before GC invocations=4 (full 0):
 PSYoungGen      total 37888K, used 37876K [0x00000000d5580000, 0x00000000d7f80000, 0x0000000100000000)
  eden space 32768K, 100% used [0x00000000d5580000,0x00000000d7580000,0x00000000d7580000)
  from space 5120K, 99% used [0x00000000d7580000,0x00000000d7a7d030,0x00000000d7a80000)
  to   space 5120K, 0% used [0x00000000d7a80000,0x00000000d7a80000,0x00000000d7f80000)
 ParOldGen       total 86016K, used 898K [0x0000000080000000, 0x0000000085400000, 0x00000000d5580000)
  object space 86016K, 1% used [0x0000000080000000,0x00000000800e0a38,0x0000000085400000)
 Metaspace       used 15869K, capacity 16026K, committed 16256K, reserved 1062912K
  class space    used 1726K, capacity 1803K, committed 1920K, reserved 1048576K
Event: 2.151 GC heap after
Heap after GC invocations=4 (full 0):
 PSYoungGen      total 37888K, used 5106K [0x00000000d5580000, 0x00000000d9f80000, 0x0000000100000000)
  eden space 32768K, 0% used [0x00000000d5580000,0x00000000d5580000,0x00000000d7580000)
  from space 5120K, 99% used [0x00000000d7a80000,0x00000000d7f7c9d0,0x00000000d7f80000)
  to   space 5120K, 0% used [0x00000000d7580000,0x00000000d7580000,0x00000000d7a80000)
 ParOldGen       total 86016K, used 3478K [0x0000000080000000, 0x0000000085400000, 0x00000000d5580000)
  object space 86016K, 4% used [0x0000000080000000,0x00000000803659f8,0x0000000085400000)
 Metaspace       used 15869K, capacity 16026K, committed 16256K, reserved 1062912K
  class space    used 1726K, capacity 1803K, committed 1920K, reserved 1048576K
}
Event: 2.540 GC heap before
{Heap before GC invocations=5 (full 0):
 PSYoungGen      total 37888K, used 37874K [0x00000000d5580000, 0x00000000d9f80000, 0x0000000100000000)
  eden space 32768K, 100% used [0x00000000d5580000,0x00000000d7580000,0x00000000d7580000)
  from space 5120K, 99% used [0x00000000d7a80000,0x00000000d7f7c9d0,0x00000000d7f80000)
  to   space 5120K, 0% used [0x00000000d7580000,0x00000000d7580000,0x00000000d7a80000)
 ParOldGen       total 86016K, used 3478K [0x0000000080000000, 0x0000000085400000, 0x00000000d5580000)
  object space 86016K, 4% used [0x0000000080000000,0x00000000803659f8,0x0000000085400000)
 Metaspace       used 18591K, capacity 18834K, committed 19200K, reserved 1067008K
  class space    used 2094K, capacity 2184K, committed 2304K, reserved 1048576K
Event: 2.546 GC heap after
Heap after GC invocations=5 (full 0):
 PSYoungGen      total 37888K, used 5106K [0x00000000d5580000, 0x00000000da780000, 0x0000000100000000)
  eden space 32768K, 0% used [0x00000000d5580000,0x00000000d5580000,0x00000000d7580000)
  from space 5120K, 99% used [0x00000000d7580000,0x00000000d7a7c9f0,0x00000000d7a80000)
  to   space 9216K, 0% used [0x00000000d9e80000,0x00000000d9e80000,0x00000000da780000)
 ParOldGen       total 86016K, used 6295K [0x0000000080000000, 0x0000000085400000, 0x00000000d5580000)
  object space 86016K, 7% used [0x0000000080000000,0x0000000080625da0,0x0000000085400000)
 Metaspace       used 18591K, capacity 18834K, committed 19200K, reserved 1067008K
  class space    used 2094K, capacity 2184K, committed 2304K, reserved 1048576K
}
Event: 2.950 GC heap before
{Heap before GC invocations=6 (full 0):
 PSYoungGen      total 37888K, used 37874K [0x00000000d5580000, 0x00000000da780000, 0x0000000100000000)
  eden space 32768K, 100% used [0x00000000d5580000,0x00000000d7580000,0x00000000d7580000)
  from space 5120K, 99% used [0x00000000d7580000,0x00000000d7a7c9f0,0x00000000d7a80000)
  to   space 9216K, 0% used [0x00000000d9e80000,0x00000000d9e80000,0x00000000da780000)
 ParOldGen       total 86016K, used 6295K [0x0000000080000000, 0x0000000085400000, 0x00000000d5580000)
  object space 86016K, 7% used [0x0000000080000000,0x0000000080625da0,0x0000000085400000)
 Metaspace       used 20234K, capacity 20490K, committed 20864K, reserved 1067008K
  class space    used 2266K, capacity 2370K, committed 2432K, reserved 1048576K
Event: 2.957 GC heap after
Heap after GC invocations=6 (full 0):
 PSYoungGen      total 74240K, used 8124K [0x00000000d5580000, 0x00000000da880000, 0x0000000100000000)
  eden space 65024K, 0% used [0x00000000d5580000,0x00000000d5580000,0x00000000d9500000)
  from space 9216K, 88% used [0x00000000d9e80000,0x00000000da66f2e8,0x00000000da780000)
  to   space 9728K, 0% used [0x00000000d9500000,0x00000000d9500000,0x00000000d9e80000)
 ParOldGen       total 86016K, used 6303K [0x0000000080000000, 0x0000000085400000, 0x00000000d5580000)
  object space 86016K, 7% used [0x0000000080000000,0x0000000080627da0,0x0000000085400000)
 Metaspace       used 20234K, capacity 20490K, committed 20864K, reserved 1067008K
  class space    used 2266K, capacity 2370K, committed 2432K, reserved 1048576K
}
Event: 3.235 GC heap before
{Heap before GC invocations=7 (full 0):
 PSYoungGen      total 74240K, used 71489K [0x00000000d5580000, 0x00000000da880000, 0x0000000100000000)
  eden space 65024K, 97% used [0x00000000d5580000,0x00000000d9361498,0x00000000d9500000)
  from space 9216K, 88% used [0x00000000d9e80000,0x00000000da66f2e8,0x00000000da780000)
  to   space 9728K, 0% used [0x00000000d9500000,0x00000000d9500000,0x00000000d9e80000)
 ParOldGen       total 86016K, used 6303K [0x0000000080000000, 0x0000000085400000, 0x00000000d5580000)
  object space 86016K, 7% used [0x0000000080000000,0x0000000080627da0,0x0000000085400000)
 Metaspace       used 20905K, capacity 21120K, committed 21296K, reserved 1069056K
  class space    used 2312K, capacity 2408K, committed 2432K, reserved 1048576K
Event: 3.248 GC heap after
Heap after GC invocations=7 (full 0):
 PSYoungGen      total 74752K, used 8218K [0x00000000d5580000, 0x00000000de880000, 0x0000000100000000)
  eden space 65024K, 0% used [0x00000000d5580000,0x00000000d5580000,0x00000000d9500000)
  from space 9728K, 84% used [0x00000000d9500000,0x00000000d9d06bb8,0x00000000d9e80000)
  to   space 10240K, 0% used [0x00000000dde80000,0x00000000dde80000,0x00000000de880000)
 ParOldGen       total 86016K, used 8922K [0x0000000080000000, 0x0000000085400000, 0x00000000d5580000)
  object space 86016K, 10% used [0x0000000080000000,0x00000000808b6b70,0x0000000085400000)
 Metaspace       used 20905K, capacity 21120K, committed 21296K, reserved 1069056K
  class space    used 2312K, capacity 2408K, committed 2432K, reserved 1048576K
}
Event: 3.248 GC heap before
{Heap before GC invocations=8 (full 1):
 PSYoungGen      total 74752K, used 8218K [0x00000000d5580000, 0x00000000de880000, 0x0000000100000000)
  eden space 65024K, 0% used [0x00000000d5580000,0x00000000d5580000,0x00000000d9500000)
  from space 9728K, 84% used [0x00000000d9500000,0x00000000d9d06bb8,0x00000000d9e80000)
  to   space 10240K, 0% used [0x00000000dde80000,0x00000000dde80000,0x00000000de880000)
 ParOldGen       total 86016K, used 8922K [0x0000000080000000, 0x0000000085400000, 0x00000000d5580000)
  object space 86016K, 10% used [0x0000000080000000,0x00000000808b6b70,0x0000000085400000)
 Metaspace       used 20905K, capacity 21120K, committed 21296K, reserved 1069056K
  class space    used 2312K, capacity 2408K, committed 2432K, reserved 1048576K
Event: 3.309 GC heap after
Heap after GC invocations=8 (full 1):
 PSYoungGen      total 74752K, used 0K [0x00000000d5580000, 0x00000000de880000, 0x0000000100000000)
  eden space 65024K, 0% used [0x00000000d5580000,0x00000000d5580000,0x00000000d9500000)
  from space 9728K, 0% used [0x00000000d9500000,0x00000000d9500000,0x00000000d9e80000)
  to   space 10240K, 0% used [0x00000000dde80000,0x00000000dde80000,0x00000000de880000)
 ParOldGen       total 66560K, used 13172K [0x0000000080000000, 0x0000000084100000, 0x00000000d5580000)
  object space 66560K, 19% used [0x0000000080000000,0x0000000080cdd308,0x0000000084100000)
 Metaspace       used 20905K, capacity 21120K, committed 21296K, reserved 1069056K
  class space    used 2312K, capacity 2408K, committed 2432K, reserved 1048576K
}

